<?xml version="1.0" encoding="utf-8" standalone="no"?>
<!--This file represents the results of running a test suite-->
<test-results name="C:\WorkRoot\Projects\Telephone Game\PhoneGameService\bin\Debug\PhoneGameService.dll" total="1" errors="0" failures="0" not-run="0" inconclusive="0" ignored="0" skipped="0" invalid="0" date="2014-03-21" time="10:12:46">
  <environment nunit-version="2.6.2.12296" clr-version="2.0.50727.5477" os-version="Microsoft Windows NT 6.1.7601 Service Pack 1" platform="Win32NT" cwd="C:\Program Files (x86)\NUnit 2.6.2\bin" machine-name="IT-VFRIDELL" user="vfridell" user-domain="BELLARMINE" />
  <culture-info current-culture="en-US" current-uiculture="en-US" />
  <test-suite type="Assembly" name="C:\WorkRoot\Projects\Telephone Game\PhoneGameService\bin\Debug\PhoneGameService.dll" executed="True" result="Success" success="True" time="0.081" asserts="0">
    <results>
      <test-suite type="Namespace" name="PhoneGameService" executed="True" result="Success" success="True" time="0.061" asserts="0">
        <results>
          <test-suite type="Namespace" name="Tests" executed="True" result="Success" success="True" time="0.061" asserts="0">
            <results>
              <test-suite type="TestFixture" name="PickPhraseTests" executed="True" result="Success" success="True" time="0.058" asserts="2">
                <results>
                  <test-case name="PhoneGameService.Tests.PickPhraseTests.Transition_to_PickPhrase" executed="True" result="Success" success="True" time="0.022" asserts="1" />
                </results>
              </test-suite>
            </results>
          </test-suite>
        </results>
      </test-suite>
    </results>
  </test-suite>
</test-results>